<?xml version="1.0" encoding="UTF-8"?>
<testsuite xmlns:xsi="http://www.w3.org/2001/XMLSchema-instance" xsi:noNamespaceSchemaLocation="https://maven.apache.org/surefire/maven-surefire-plugin/xsd/surefire-test-report.xsd" name="com.mutong.mtcommunity.MtcommunityApplicationTests" time="5.399" tests="1" errors="0" skipped="0" failures="0">
  <properties>
    <property name="sun.desktop" value="windows"/>
    <property name="awt.toolkit" value="sun.awt.windows.WToolkit"/>
    <property name="file.encoding.pkg" value="sun.io"/>
    <property name="java.specification.version" value="1.8"/>
    <property name="sun.cpu.isalist" value="amd64"/>
    <property name="sun.jnu.encoding" value="GBK"/>
    <property name="java.class.path" value="D:\workspace\IDEA-works\mtcommunity\target\test-classes;D:\workspace\IDEA-works\mtcommunity\target\classes;D:\soft\maven\mysql\mysql-connector-java\8.0.16\mysql-connector-java-8.0.16.jar;D:\soft\maven\org\springframework\boot\spring-boot-starter-thymeleaf\2.3.0.RELEASE\spring-boot-starter-thymeleaf-2.3.0.RELEASE.jar;D:\soft\maven\org\springframework\boot\spring-boot-starter\2.3.0.RELEASE\spring-boot-starter-2.3.0.RELEASE.jar;D:\soft\maven\org\springframework\boot\spring-boot\2.3.0.RELEASE\spring-boot-2.3.0.RELEASE.jar;D:\soft\maven\org\springframework\boot\spring-boot-autoconfigure\2.3.0.RELEASE\spring-boot-autoconfigure-2.3.0.RELEASE.jar;D:\soft\maven\org\springframework\boot\spring-boot-starter-logging\2.3.0.RELEASE\spring-boot-starter-logging-2.3.0.RELEASE.jar;D:\soft\maven\ch\qos\logback\logback-classic\1.2.3\logback-classic-1.2.3.jar;D:\soft\maven\ch\qos\logback\logback-core\1.2.3\logback-core-1.2.3.jar;D:\soft\maven\org\apache\logging\log4j\log4j-to-slf4j\2.13.2\log4j-to-slf4j-2.13.2.jar;D:\soft\maven\org\apache\logging\log4j\log4j-api\2.13.2\log4j-api-2.13.2.jar;D:\soft\maven\org\slf4j\jul-to-slf4j\1.7.30\jul-to-slf4j-1.7.30.jar;D:\soft\maven\jakarta\annotation\jakarta.annotation-api\1.3.5\jakarta.annotation-api-1.3.5.jar;D:\soft\maven\org\yaml\snakeyaml\1.26\snakeyaml-1.26.jar;D:\soft\maven\org\thymeleaf\thymeleaf-spring5\3.0.11.RELEASE\thymeleaf-spring5-3.0.11.RELEASE.jar;D:\soft\maven\org\thymeleaf\thymeleaf\3.0.11.RELEASE\thymeleaf-3.0.11.RELEASE.jar;D:\soft\maven\org\attoparser\attoparser\2.0.5.RELEASE\attoparser-2.0.5.RELEASE.jar;D:\soft\maven\org\unbescape\unbescape\1.1.6.RELEASE\unbescape-1.1.6.RELEASE.jar;D:\soft\maven\org\slf4j\slf4j-api\1.7.30\slf4j-api-1.7.30.jar;D:\soft\maven\org\thymeleaf\extras\thymeleaf-extras-java8time\3.0.4.RELEASE\thymeleaf-extras-java8time-3.0.4.RELEASE.jar;D:\soft\maven\org\springframework\boot\spring-boot-starter-web\2.3.0.RELEASE\spring-boot-starter-web-2.3.0.RELEASE.jar;D:\soft\maven\org\springframework\boot\spring-boot-starter-json\2.3.0.RELEASE\spring-boot-starter-json-2.3.0.RELEASE.jar;D:\soft\maven\com\fasterxml\jackson\core\jackson-databind\2.11.0\jackson-databind-2.11.0.jar;D:\soft\maven\com\fasterxml\jackson\core\jackson-annotations\2.11.0\jackson-annotations-2.11.0.jar;D:\soft\maven\com\fasterxml\jackson\core\jackson-core\2.11.0\jackson-core-2.11.0.jar;D:\soft\maven\com\fasterxml\jackson\datatype\jackson-datatype-jdk8\2.11.0\jackson-datatype-jdk8-2.11.0.jar;D:\soft\maven\com\fasterxml\jackson\datatype\jackson-datatype-jsr310\2.11.0\jackson-datatype-jsr310-2.11.0.jar;D:\soft\maven\com\fasterxml\jackson\module\jackson-module-parameter-names\2.11.0\jackson-module-parameter-names-2.11.0.jar;D:\soft\maven\org\springframework\boot\spring-boot-starter-tomcat\2.3.0.RELEASE\spring-boot-starter-tomcat-2.3.0.RELEASE.jar;D:\soft\maven\org\apache\tomcat\embed\tomcat-embed-core\9.0.35\tomcat-embed-core-9.0.35.jar;D:\soft\maven\org\glassfish\jakarta.el\3.0.3\jakarta.el-3.0.3.jar;D:\soft\maven\org\apache\tomcat\embed\tomcat-embed-websocket\9.0.35\tomcat-embed-websocket-9.0.35.jar;D:\soft\maven\org\springframework\spring-web\5.2.6.RELEASE\spring-web-5.2.6.RELEASE.jar;D:\soft\maven\org\springframework\spring-webmvc\5.2.6.RELEASE\spring-webmvc-5.2.6.RELEASE.jar;D:\soft\maven\org\apache\maven\surefire\maven-surefire-common\2.22.1\maven-surefire-common-2.22.1.jar;D:\soft\maven\org\apache\maven\maven-plugin-api\2.2.1\maven-plugin-api-2.2.1.jar;D:\soft\maven\org\apache\maven\plugin-tools\maven-plugin-annotations\3.5.2\maven-plugin-annotations-3.5.2.jar;D:\soft\maven\org\apache\maven\surefire\surefire-api\2.22.1\surefire-api-2.22.1.jar;D:\soft\maven\org\apache\maven\surefire\surefire-logger-api\2.22.1\surefire-logger-api-2.22.1.jar;D:\soft\maven\org\apache\maven\surefire\surefire-booter\2.22.1\surefire-booter-2.22.1.jar;D:\soft\maven\org\apache\maven\maven-artifact\2.2.1\maven-artifact-2.2.1.jar;D:\soft\maven\org\codehaus\plexus\plexus-utils\1.5.15\plexus-utils-1.5.15.jar;D:\soft\maven\org\apache\maven\maven-plugin-descriptor\2.2.1\maven-plugin-descriptor-2.2.1.jar;D:\soft\maven\org\codehaus\plexus\plexus-container-default\1.0-alpha-9-stable-1\plexus-container-default-1.0-alpha-9-stable-1.jar;D:\soft\maven\junit\junit\4.13\junit-4.13.jar;D:\soft\maven\org\hamcrest\hamcrest-core\2.2\hamcrest-core-2.2.jar;D:\soft\maven\org\apache\maven\maven-project\2.2.1\maven-project-2.2.1.jar;D:\soft\maven\org\apache\maven\maven-settings\2.2.1\maven-settings-2.2.1.jar;D:\soft\maven\org\apache\maven\maven-profile\2.2.1\maven-profile-2.2.1.jar;D:\soft\maven\org\apache\maven\maven-artifact-manager\2.2.1\maven-artifact-manager-2.2.1.jar;D:\soft\maven\backport-util-concurrent\backport-util-concurrent\3.1\backport-util-concurrent-3.1.jar;D:\soft\maven\org\apache\maven\maven-plugin-registry\2.2.1\maven-plugin-registry-2.2.1.jar;D:\soft\maven\org\codehaus\plexus\plexus-interpolation\1.11\plexus-interpolation-1.11.jar;D:\soft\maven\org\apache\maven\maven-model\2.2.1\maven-model-2.2.1.jar;D:\soft\maven\org\apache\maven\maven-core\2.2.1\maven-core-2.2.1.jar;D:\soft\maven\org\apache\maven\maven-plugin-parameter-documenter\2.2.1\maven-plugin-parameter-documenter-2.2.1.jar;D:\soft\maven\org\apache\maven\wagon\wagon-http\1.0-beta-6\wagon-http-1.0-beta-6.jar;D:\soft\maven\org\apache\maven\wagon\wagon-http-shared\1.0-beta-6\wagon-http-shared-1.0-beta-6.jar;D:\soft\maven\nekohtml\xercesMinimal\1.9.6.2\xercesMinimal-1.9.6.2.jar;D:\soft\maven\nekohtml\nekohtml\1.9.6.2\nekohtml-1.9.6.2.jar;D:\soft\maven\commons-httpclient\commons-httpclient\3.1\commons-httpclient-3.1.jar;D:\soft\maven\commons-codec\commons-codec\1.14\commons-codec-1.14.jar;D:\soft\maven\org\apache\maven\wagon\wagon-webdav-jackrabbit\1.0-beta-6\wagon-webdav-jackrabbit-1.0-beta-6.jar;D:\soft\maven\org\apache\jackrabbit\jackrabbit-webdav\1.5.0\jackrabbit-webdav-1.5.0.jar;D:\soft\maven\org\apache\jackrabbit\jackrabbit-jcr-commons\1.5.0\jackrabbit-jcr-commons-1.5.0.jar;D:\soft\maven\org\slf4j\slf4j-nop\1.7.30\slf4j-nop-1.7.30.jar;D:\soft\maven\org\slf4j\slf4j-jdk14\1.7.30\slf4j-jdk14-1.7.30.jar;D:\soft\maven\org\slf4j\jcl-over-slf4j\1.7.30\jcl-over-slf4j-1.7.30.jar;D:\soft\maven\org\apache\maven\reporting\maven-reporting-api\2.2.1\maven-reporting-api-2.2.1.jar;D:\soft\maven\org\apache\maven\doxia\doxia-logging-api\1.1\doxia-logging-api-1.1.jar;D:\soft\maven\org\apache\maven\wagon\wagon-provider-api\1.0-beta-6\wagon-provider-api-1.0-beta-6.jar;D:\soft\maven\org\apache\maven\maven-repository-metadata\2.2.1\maven-repository-metadata-2.2.1.jar;D:\soft\maven\org\apache\maven\maven-error-diagnostics\2.2.1\maven-error-diagnostics-2.2.1.jar;D:\soft\maven\org\apache\maven\maven-monitor\2.2.1\maven-monitor-2.2.1.jar;D:\soft\maven\classworlds\classworlds\1.1\classworlds-1.1.jar;D:\soft\maven\org\sonatype\plexus\plexus-sec-dispatcher\1.3\plexus-sec-dispatcher-1.3.jar;D:\soft\maven\org\sonatype\plexus\plexus-cipher\1.4\plexus-cipher-1.4.jar;D:\soft\maven\org\apache\maven\maven-toolchain\2.2.1\maven-toolchain-2.2.1.jar;D:\soft\maven\org\codehaus\plexus\plexus-java\0.9.10\plexus-java-0.9.10.jar;D:\soft\maven\org\ow2\asm\asm\6.2\asm-6.2.jar;D:\soft\maven\com\thoughtworks\qdox\qdox\2.0-M8\qdox-2.0-M8.jar;D:\soft\maven\com\alibaba\fastjson\1.2.62\fastjson-1.2.62.jar;D:\soft\maven\com\github\penggle\kaptcha\2.3.2\kaptcha-2.3.2.jar;D:\soft\maven\javax\servlet\javax.servlet-api\4.0.1\javax.servlet-api-4.0.1.jar;D:\soft\maven\com\jhlabs\filters\2.0.235-1\filters-2.0.235-1.jar;D:\soft\maven\cn\hutool\hutool-all\5.3.7\hutool-all-5.3.7.jar;D:\soft\maven\org\springframework\security\spring-security-core\5.2.2.RELEASE\spring-security-core-5.2.2.RELEASE.jar;D:\soft\maven\org\springframework\spring-aop\5.2.6.RELEASE\spring-aop-5.2.6.RELEASE.jar;D:\soft\maven\org\springframework\spring-beans\5.2.6.RELEASE\spring-beans-5.2.6.RELEASE.jar;D:\soft\maven\org\springframework\spring-context\5.2.6.RELEASE\spring-context-5.2.6.RELEASE.jar;D:\soft\maven\org\springframework\spring-core\5.2.6.RELEASE\spring-core-5.2.6.RELEASE.jar;D:\soft\maven\org\springframework\spring-jcl\5.2.6.RELEASE\spring-jcl-5.2.6.RELEASE.jar;D:\soft\maven\org\springframework\spring-expression\5.2.6.RELEASE\spring-expression-5.2.6.RELEASE.jar;D:\soft\maven\org\projectlombok\lombok\1.18.12\lombok-1.18.12.jar;D:\soft\maven\org\springframework\boot\spring-boot-starter-mail\2.3.0.RELEASE\spring-boot-starter-mail-2.3.0.RELEASE.jar;D:\soft\maven\org\springframework\spring-context-support\5.2.6.RELEASE\spring-context-support-5.2.6.RELEASE.jar;D:\soft\maven\com\sun\mail\jakarta.mail\1.6.5\jakarta.mail-1.6.5.jar;D:\soft\maven\com\sun\activation\jakarta.activation\1.2.2\jakarta.activation-1.2.2.jar;D:\soft\maven\org\springframework\boot\spring-boot-starter-jdbc\2.3.0.RELEASE\spring-boot-starter-jdbc-2.3.0.RELEASE.jar;D:\soft\maven\com\zaxxer\HikariCP\3.4.5\HikariCP-3.4.5.jar;D:\soft\maven\org\springframework\spring-jdbc\5.2.6.RELEASE\spring-jdbc-5.2.6.RELEASE.jar;D:\soft\maven\org\springframework\spring-tx\5.2.6.RELEASE\spring-tx-5.2.6.RELEASE.jar;D:\soft\maven\org\springframework\boot\spring-boot-starter-test\2.3.0.RELEASE\spring-boot-starter-test-2.3.0.RELEASE.jar;D:\soft\maven\org\springframework\boot\spring-boot-test\2.3.0.RELEASE\spring-boot-test-2.3.0.RELEASE.jar;D:\soft\maven\org\springframework\boot\spring-boot-test-autoconfigure\2.3.0.RELEASE\spring-boot-test-autoconfigure-2.3.0.RELEASE.jar;D:\soft\maven\com\jayway\jsonpath\json-path\2.4.0\json-path-2.4.0.jar;D:\soft\maven\net\minidev\json-smart\2.3\json-smart-2.3.jar;D:\soft\maven\net\minidev\accessors-smart\1.2\accessors-smart-1.2.jar;D:\soft\maven\jakarta\xml\bind\jakarta.xml.bind-api\2.3.3\jakarta.xml.bind-api-2.3.3.jar;D:\soft\maven\jakarta\activation\jakarta.activation-api\1.2.2\jakarta.activation-api-1.2.2.jar;D:\soft\maven\org\assertj\assertj-core\3.16.1\assertj-core-3.16.1.jar;D:\soft\maven\org\hamcrest\hamcrest\2.2\hamcrest-2.2.jar;D:\soft\maven\org\junit\jupiter\junit-jupiter\5.6.2\junit-jupiter-5.6.2.jar;D:\soft\maven\org\junit\jupiter\junit-jupiter-api\5.6.2\junit-jupiter-api-5.6.2.jar;D:\soft\maven\org\apiguardian\apiguardian-api\1.1.0\apiguardian-api-1.1.0.jar;D:\soft\maven\org\opentest4j\opentest4j\1.2.0\opentest4j-1.2.0.jar;D:\soft\maven\org\junit\platform\junit-platform-commons\1.6.2\junit-platform-commons-1.6.2.jar;D:\soft\maven\org\junit\jupiter\junit-jupiter-params\5.6.2\junit-jupiter-params-5.6.2.jar;D:\soft\maven\org\junit\jupiter\junit-jupiter-engine\5.6.2\junit-jupiter-engine-5.6.2.jar;D:\soft\maven\org\junit\platform\junit-platform-engine\1.6.2\junit-platform-engine-1.6.2.jar;D:\soft\maven\org\mockito\mockito-core\3.3.3\mockito-core-3.3.3.jar;D:\soft\maven\net\bytebuddy\byte-buddy\1.10.10\byte-buddy-1.10.10.jar;D:\soft\maven\net\bytebuddy\byte-buddy-agent\1.10.10\byte-buddy-agent-1.10.10.jar;D:\soft\maven\org\objenesis\objenesis\2.6\objenesis-2.6.jar;D:\soft\maven\org\mockito\mockito-junit-jupiter\3.3.3\mockito-junit-jupiter-3.3.3.jar;D:\soft\maven\org\skyscreamer\jsonassert\1.5.0\jsonassert-1.5.0.jar;D:\soft\maven\com\vaadin\external\google\android-json\0.0.20131108.vaadin1\android-json-0.0.20131108.vaadin1.jar;D:\soft\maven\org\springframework\spring-test\5.2.6.RELEASE\spring-test-5.2.6.RELEASE.jar;D:\soft\maven\org\xmlunit\xmlunit-core\2.7.0\xmlunit-core-2.7.0.jar;D:\soft\maven\org\mybatis\spring\boot\mybatis-spring-boot-starter\2.0.1\mybatis-spring-boot-starter-2.0.1.jar;D:\soft\maven\org\mybatis\spring\boot\mybatis-spring-boot-autoconfigure\2.0.1\mybatis-spring-boot-autoconfigure-2.0.1.jar;D:\soft\maven\org\mybatis\mybatis\3.5.1\mybatis-3.5.1.jar;D:\soft\maven\org\mybatis\mybatis-spring\2.0.1\mybatis-spring-2.0.1.jar;"/>
    <property name="java.vm.vendor" value="Oracle Corporation"/>
    <property name="sun.arch.data.model" value="64"/>
    <property name="user.variant" value=""/>
    <property name="java.vendor.url" value="http://java.oracle.com/"/>
    <property name="user.timezone" value="Asia/Shanghai"/>
    <property name="java.vm.specification.version" value="1.8"/>
    <property name="os.name" value="Windows 10"/>
    <property name="user.country" value="CN"/>
    <property name="sun.java.launcher" value="SUN_STANDARD"/>
    <property name="sun.boot.library.path" value="C:\Program Files\Java\jdk1.8.0_144\jre\bin"/>
    <property name="sun.java.command" value="C:\Users\Mutong\AppData\Local\Temp\surefire2215909825878539333\surefirebooter3671021614748315236.jar C:\Users\Mutong\AppData\Local\Temp\surefire2215909825878539333 2020-06-22T22-34-40_095-jvmRun1 surefire2364805160649691288tmp surefire_05710008443435386475tmp"/>
    <property name="surefire.test.class.path" value="D:\workspace\IDEA-works\mtcommunity\target\test-classes;D:\workspace\IDEA-works\mtcommunity\target\classes;D:\soft\maven\mysql\mysql-connector-java\8.0.16\mysql-connector-java-8.0.16.jar;D:\soft\maven\org\springframework\boot\spring-boot-starter-thymeleaf\2.3.0.RELEASE\spring-boot-starter-thymeleaf-2.3.0.RELEASE.jar;D:\soft\maven\org\springframework\boot\spring-boot-starter\2.3.0.RELEASE\spring-boot-starter-2.3.0.RELEASE.jar;D:\soft\maven\org\springframework\boot\spring-boot\2.3.0.RELEASE\spring-boot-2.3.0.RELEASE.jar;D:\soft\maven\org\springframework\boot\spring-boot-autoconfigure\2.3.0.RELEASE\spring-boot-autoconfigure-2.3.0.RELEASE.jar;D:\soft\maven\org\springframework\boot\spring-boot-starter-logging\2.3.0.RELEASE\spring-boot-starter-logging-2.3.0.RELEASE.jar;D:\soft\maven\ch\qos\logback\logback-classic\1.2.3\logback-classic-1.2.3.jar;D:\soft\maven\ch\qos\logback\logback-core\1.2.3\logback-core-1.2.3.jar;D:\soft\maven\org\apache\logging\log4j\log4j-to-slf4j\2.13.2\log4j-to-slf4j-2.13.2.jar;D:\soft\maven\org\apache\logging\log4j\log4j-api\2.13.2\log4j-api-2.13.2.jar;D:\soft\maven\org\slf4j\jul-to-slf4j\1.7.30\jul-to-slf4j-1.7.30.jar;D:\soft\maven\jakarta\annotation\jakarta.annotation-api\1.3.5\jakarta.annotation-api-1.3.5.jar;D:\soft\maven\org\yaml\snakeyaml\1.26\snakeyaml-1.26.jar;D:\soft\maven\org\thymeleaf\thymeleaf-spring5\3.0.11.RELEASE\thymeleaf-spring5-3.0.11.RELEASE.jar;D:\soft\maven\org\thymeleaf\thymeleaf\3.0.11.RELEASE\thymeleaf-3.0.11.RELEASE.jar;D:\soft\maven\org\attoparser\attoparser\2.0.5.RELEASE\attoparser-2.0.5.RELEASE.jar;D:\soft\maven\org\unbescape\unbescape\1.1.6.RELEASE\unbescape-1.1.6.RELEASE.jar;D:\soft\maven\org\slf4j\slf4j-api\1.7.30\slf4j-api-1.7.30.jar;D:\soft\maven\org\thymeleaf\extras\thymeleaf-extras-java8time\3.0.4.RELEASE\thymeleaf-extras-java8time-3.0.4.RELEASE.jar;D:\soft\maven\org\springframework\boot\spring-boot-starter-web\2.3.0.RELEASE\spring-boot-starter-web-2.3.0.RELEASE.jar;D:\soft\maven\org\springframework\boot\spring-boot-starter-json\2.3.0.RELEASE\spring-boot-starter-json-2.3.0.RELEASE.jar;D:\soft\maven\com\fasterxml\jackson\core\jackson-databind\2.11.0\jackson-databind-2.11.0.jar;D:\soft\maven\com\fasterxml\jackson\core\jackson-annotations\2.11.0\jackson-annotations-2.11.0.jar;D:\soft\maven\com\fasterxml\jackson\core\jackson-core\2.11.0\jackson-core-2.11.0.jar;D:\soft\maven\com\fasterxml\jackson\datatype\jackson-datatype-jdk8\2.11.0\jackson-datatype-jdk8-2.11.0.jar;D:\soft\maven\com\fasterxml\jackson\datatype\jackson-datatype-jsr310\2.11.0\jackson-datatype-jsr310-2.11.0.jar;D:\soft\maven\com\fasterxml\jackson\module\jackson-module-parameter-names\2.11.0\jackson-module-parameter-names-2.11.0.jar;D:\soft\maven\org\springframework\boot\spring-boot-starter-tomcat\2.3.0.RELEASE\spring-boot-starter-tomcat-2.3.0.RELEASE.jar;D:\soft\maven\org\apache\tomcat\embed\tomcat-embed-core\9.0.35\tomcat-embed-core-9.0.35.jar;D:\soft\maven\org\glassfish\jakarta.el\3.0.3\jakarta.el-3.0.3.jar;D:\soft\maven\org\apache\tomcat\embed\tomcat-embed-websocket\9.0.35\tomcat-embed-websocket-9.0.35.jar;D:\soft\maven\org\springframework\spring-web\5.2.6.RELEASE\spring-web-5.2.6.RELEASE.jar;D:\soft\maven\org\springframework\spring-webmvc\5.2.6.RELEASE\spring-webmvc-5.2.6.RELEASE.jar;D:\soft\maven\org\apache\maven\surefire\maven-surefire-common\2.22.1\maven-surefire-common-2.22.1.jar;D:\soft\maven\org\apache\maven\maven-plugin-api\2.2.1\maven-plugin-api-2.2.1.jar;D:\soft\maven\org\apache\maven\plugin-tools\maven-plugin-annotations\3.5.2\maven-plugin-annotations-3.5.2.jar;D:\soft\maven\org\apache\maven\surefire\surefire-api\2.22.1\surefire-api-2.22.1.jar;D:\soft\maven\org\apache\maven\surefire\surefire-logger-api\2.22.1\surefire-logger-api-2.22.1.jar;D:\soft\maven\org\apache\maven\surefire\surefire-booter\2.22.1\surefire-booter-2.22.1.jar;D:\soft\maven\org\apache\maven\maven-artifact\2.2.1\maven-artifact-2.2.1.jar;D:\soft\maven\org\codehaus\plexus\plexus-utils\1.5.15\plexus-utils-1.5.15.jar;D:\soft\maven\org\apache\maven\maven-plugin-descriptor\2.2.1\maven-plugin-descriptor-2.2.1.jar;D:\soft\maven\org\codehaus\plexus\plexus-container-default\1.0-alpha-9-stable-1\plexus-container-default-1.0-alpha-9-stable-1.jar;D:\soft\maven\junit\junit\4.13\junit-4.13.jar;D:\soft\maven\org\hamcrest\hamcrest-core\2.2\hamcrest-core-2.2.jar;D:\soft\maven\org\apache\maven\maven-project\2.2.1\maven-project-2.2.1.jar;D:\soft\maven\org\apache\maven\maven-settings\2.2.1\maven-settings-2.2.1.jar;D:\soft\maven\org\apache\maven\maven-profile\2.2.1\maven-profile-2.2.1.jar;D:\soft\maven\org\apache\maven\maven-artifact-manager\2.2.1\maven-artifact-manager-2.2.1.jar;D:\soft\maven\backport-util-concurrent\backport-util-concurrent\3.1\backport-util-concurrent-3.1.jar;D:\soft\maven\org\apache\maven\maven-plugin-registry\2.2.1\maven-plugin-registry-2.2.1.jar;D:\soft\maven\org\codehaus\plexus\plexus-interpolation\1.11\plexus-interpolation-1.11.jar;D:\soft\maven\org\apache\maven\maven-model\2.2.1\maven-model-2.2.1.jar;D:\soft\maven\org\apache\maven\maven-core\2.2.1\maven-core-2.2.1.jar;D:\soft\maven\org\apache\maven\maven-plugin-parameter-documenter\2.2.1\maven-plugin-parameter-documenter-2.2.1.jar;D:\soft\maven\org\apache\maven\wagon\wagon-http\1.0-beta-6\wagon-http-1.0-beta-6.jar;D:\soft\maven\org\apache\maven\wagon\wagon-http-shared\1.0-beta-6\wagon-http-shared-1.0-beta-6.jar;D:\soft\maven\nekohtml\xercesMinimal\1.9.6.2\xercesMinimal-1.9.6.2.jar;D:\soft\maven\nekohtml\nekohtml\1.9.6.2\nekohtml-1.9.6.2.jar;D:\soft\maven\commons-httpclient\commons-httpclient\3.1\commons-httpclient-3.1.jar;D:\soft\maven\commons-codec\commons-codec\1.14\commons-codec-1.14.jar;D:\soft\maven\org\apache\maven\wagon\wagon-webdav-jackrabbit\1.0-beta-6\wagon-webdav-jackrabbit-1.0-beta-6.jar;D:\soft\maven\org\apache\jackrabbit\jackrabbit-webdav\1.5.0\jackrabbit-webdav-1.5.0.jar;D:\soft\maven\org\apache\jackrabbit\jackrabbit-jcr-commons\1.5.0\jackrabbit-jcr-commons-1.5.0.jar;D:\soft\maven\org\slf4j\slf4j-nop\1.7.30\slf4j-nop-1.7.30.jar;D:\soft\maven\org\slf4j\slf4j-jdk14\1.7.30\slf4j-jdk14-1.7.30.jar;D:\soft\maven\org\slf4j\jcl-over-slf4j\1.7.30\jcl-over-slf4j-1.7.30.jar;D:\soft\maven\org\apache\maven\reporting\maven-reporting-api\2.2.1\maven-reporting-api-2.2.1.jar;D:\soft\maven\org\apache\maven\doxia\doxia-logging-api\1.1\doxia-logging-api-1.1.jar;D:\soft\maven\org\apache\maven\wagon\wagon-provider-api\1.0-beta-6\wagon-provider-api-1.0-beta-6.jar;D:\soft\maven\org\apache\maven\maven-repository-metadata\2.2.1\maven-repository-metadata-2.2.1.jar;D:\soft\maven\org\apache\maven\maven-error-diagnostics\2.2.1\maven-error-diagnostics-2.2.1.jar;D:\soft\maven\org\apache\maven\maven-monitor\2.2.1\maven-monitor-2.2.1.jar;D:\soft\maven\classworlds\classworlds\1.1\classworlds-1.1.jar;D:\soft\maven\org\sonatype\plexus\plexus-sec-dispatcher\1.3\plexus-sec-dispatcher-1.3.jar;D:\soft\maven\org\sonatype\plexus\plexus-cipher\1.4\plexus-cipher-1.4.jar;D:\soft\maven\org\apache\maven\maven-toolchain\2.2.1\maven-toolchain-2.2.1.jar;D:\soft\maven\org\codehaus\plexus\plexus-java\0.9.10\plexus-java-0.9.10.jar;D:\soft\maven\org\ow2\asm\asm\6.2\asm-6.2.jar;D:\soft\maven\com\thoughtworks\qdox\qdox\2.0-M8\qdox-2.0-M8.jar;D:\soft\maven\com\alibaba\fastjson\1.2.62\fastjson-1.2.62.jar;D:\soft\maven\com\github\penggle\kaptcha\2.3.2\kaptcha-2.3.2.jar;D:\soft\maven\javax\servlet\javax.servlet-api\4.0.1\javax.servlet-api-4.0.1.jar;D:\soft\maven\com\jhlabs\filters\2.0.235-1\filters-2.0.235-1.jar;D:\soft\maven\cn\hutool\hutool-all\5.3.7\hutool-all-5.3.7.jar;D:\soft\maven\org\springframework\security\spring-security-core\5.2.2.RELEASE\spring-security-core-5.2.2.RELEASE.jar;D:\soft\maven\org\springframework\spring-aop\5.2.6.RELEASE\spring-aop-5.2.6.RELEASE.jar;D:\soft\maven\org\springframework\spring-beans\5.2.6.RELEASE\spring-beans-5.2.6.RELEASE.jar;D:\soft\maven\org\springframework\spring-context\5.2.6.RELEASE\spring-context-5.2.6.RELEASE.jar;D:\soft\maven\org\springframework\spring-core\5.2.6.RELEASE\spring-core-5.2.6.RELEASE.jar;D:\soft\maven\org\springframework\spring-jcl\5.2.6.RELEASE\spring-jcl-5.2.6.RELEASE.jar;D:\soft\maven\org\springframework\spring-expression\5.2.6.RELEASE\spring-expression-5.2.6.RELEASE.jar;D:\soft\maven\org\projectlombok\lombok\1.18.12\lombok-1.18.12.jar;D:\soft\maven\org\springframework\boot\spring-boot-starter-mail\2.3.0.RELEASE\spring-boot-starter-mail-2.3.0.RELEASE.jar;D:\soft\maven\org\springframework\spring-context-support\5.2.6.RELEASE\spring-context-support-5.2.6.RELEASE.jar;D:\soft\maven\com\sun\mail\jakarta.mail\1.6.5\jakarta.mail-1.6.5.jar;D:\soft\maven\com\sun\activation\jakarta.activation\1.2.2\jakarta.activation-1.2.2.jar;D:\soft\maven\org\springframework\boot\spring-boot-starter-jdbc\2.3.0.RELEASE\spring-boot-starter-jdbc-2.3.0.RELEASE.jar;D:\soft\maven\com\zaxxer\HikariCP\3.4.5\HikariCP-3.4.5.jar;D:\soft\maven\org\springframework\spring-jdbc\5.2.6.RELEASE\spring-jdbc-5.2.6.RELEASE.jar;D:\soft\maven\org\springframework\spring-tx\5.2.6.RELEASE\spring-tx-5.2.6.RELEASE.jar;D:\soft\maven\org\springframework\boot\spring-boot-starter-test\2.3.0.RELEASE\spring-boot-starter-test-2.3.0.RELEASE.jar;D:\soft\maven\org\springframework\boot\spring-boot-test\2.3.0.RELEASE\spring-boot-test-2.3.0.RELEASE.jar;D:\soft\maven\org\springframework\boot\spring-boot-test-autoconfigure\2.3.0.RELEASE\spring-boot-test-autoconfigure-2.3.0.RELEASE.jar;D:\soft\maven\com\jayway\jsonpath\json-path\2.4.0\json-path-2.4.0.jar;D:\soft\maven\net\minidev\json-smart\2.3\json-smart-2.3.jar;D:\soft\maven\net\minidev\accessors-smart\1.2\accessors-smart-1.2.jar;D:\soft\maven\jakarta\xml\bind\jakarta.xml.bind-api\2.3.3\jakarta.xml.bind-api-2.3.3.jar;D:\soft\maven\jakarta\activation\jakarta.activation-api\1.2.2\jakarta.activation-api-1.2.2.jar;D:\soft\maven\org\assertj\assertj-core\3.16.1\assertj-core-3.16.1.jar;D:\soft\maven\org\hamcrest\hamcrest\2.2\hamcrest-2.2.jar;D:\soft\maven\org\junit\jupiter\junit-jupiter\5.6.2\junit-jupiter-5.6.2.jar;D:\soft\maven\org\junit\jupiter\junit-jupiter-api\5.6.2\junit-jupiter-api-5.6.2.jar;D:\soft\maven\org\apiguardian\apiguardian-api\1.1.0\apiguardian-api-1.1.0.jar;D:\soft\maven\org\opentest4j\opentest4j\1.2.0\opentest4j-1.2.0.jar;D:\soft\maven\org\junit\platform\junit-platform-commons\1.6.2\junit-platform-commons-1.6.2.jar;D:\soft\maven\org\junit\jupiter\junit-jupiter-params\5.6.2\junit-jupiter-params-5.6.2.jar;D:\soft\maven\org\junit\jupiter\junit-jupiter-engine\5.6.2\junit-jupiter-engine-5.6.2.jar;D:\soft\maven\org\junit\platform\junit-platform-engine\1.6.2\junit-platform-engine-1.6.2.jar;D:\soft\maven\org\mockito\mockito-core\3.3.3\mockito-core-3.3.3.jar;D:\soft\maven\net\bytebuddy\byte-buddy\1.10.10\byte-buddy-1.10.10.jar;D:\soft\maven\net\bytebuddy\byte-buddy-agent\1.10.10\byte-buddy-agent-1.10.10.jar;D:\soft\maven\org\objenesis\objenesis\2.6\objenesis-2.6.jar;D:\soft\maven\org\mockito\mockito-junit-jupiter\3.3.3\mockito-junit-jupiter-3.3.3.jar;D:\soft\maven\org\skyscreamer\jsonassert\1.5.0\jsonassert-1.5.0.jar;D:\soft\maven\com\vaadin\external\google\android-json\0.0.20131108.vaadin1\android-json-0.0.20131108.vaadin1.jar;D:\soft\maven\org\springframework\spring-test\5.2.6.RELEASE\spring-test-5.2.6.RELEASE.jar;D:\soft\maven\org\xmlunit\xmlunit-core\2.7.0\xmlunit-core-2.7.0.jar;D:\soft\maven\org\mybatis\spring\boot\mybatis-spring-boot-starter\2.0.1\mybatis-spring-boot-starter-2.0.1.jar;D:\soft\maven\org\mybatis\spring\boot\mybatis-spring-boot-autoconfigure\2.0.1\mybatis-spring-boot-autoconfigure-2.0.1.jar;D:\soft\maven\org\mybatis\mybatis\3.5.1\mybatis-3.5.1.jar;D:\soft\maven\org\mybatis\mybatis-spring\2.0.1\mybatis-spring-2.0.1.jar;"/>
    <property name="sun.cpu.endian" value="little"/>
    <property name="user.home" value="C:\Users\Mutong"/>
    <property name="user.language" value="zh"/>
    <property name="java.specification.vendor" value="Oracle Corporation"/>
    <property name="java.home" value="C:\Program Files\Java\jdk1.8.0_144\jre"/>
    <property name="basedir" value="D:\workspace\IDEA-works\mtcommunity"/>
    <property name="file.separator" value="\"/>
    <property name="line.separator" value="&#10;"/>
    <property name="java.vm.specification.vendor" value="Oracle Corporation"/>
    <property name="java.specification.name" value="Java Platform API Specification"/>
    <property name="java.awt.graphicsenv" value="sun.awt.Win32GraphicsEnvironment"/>
    <property name="surefire.real.class.path" value="C:\Users\Mutong\AppData\Local\Temp\surefire2215909825878539333\surefirebooter3671021614748315236.jar"/>
    <property name="sun.boot.class.path" value="C:\Program Files\Java\jdk1.8.0_144\jre\lib\resources.jar;C:\Program Files\Java\jdk1.8.0_144\jre\lib\rt.jar;C:\Program Files\Java\jdk1.8.0_144\jre\lib\sunrsasign.jar;C:\Program Files\Java\jdk1.8.0_144\jre\lib\jsse.jar;C:\Program Files\Java\jdk1.8.0_144\jre\lib\jce.jar;C:\Program Files\Java\jdk1.8.0_144\jre\lib\charsets.jar;C:\Program Files\Java\jdk1.8.0_144\jre\lib\jfr.jar;C:\Program Files\Java\jdk1.8.0_144\jre\classes"/>
    <property name="user.script" value=""/>
    <property name="sun.management.compiler" value="HotSpot 64-Bit Tiered Compilers"/>
    <property name="java.runtime.version" value="1.8.0_144-b01"/>
    <property name="user.name" value="Mutong"/>
    <property name="path.separator" value=";"/>
    <property name="os.version" value="10.0"/>
    <property name="java.endorsed.dirs" value="C:\Program Files\Java\jdk1.8.0_144\jre\lib\endorsed"/>
    <property name="java.runtime.name" value="Java(TM) SE Runtime Environment"/>
    <property name="file.encoding" value="GBK"/>
    <property name="java.vm.name" value="Java HotSpot(TM) 64-Bit Server VM"/>
    <property name="localRepository" value="D:\soft\maven"/>
    <property name="java.vendor.url.bug" value="http://bugreport.sun.com/bugreport/"/>
    <property name="java.io.tmpdir" value="C:\Users\Mutong\AppData\Local\Temp\"/>
    <property name="idea.version" value="2018.2.4"/>
    <property name="java.version" value="1.8.0_144"/>
    <property name="user.dir" value="D:\workspace\IDEA-works\mtcommunity"/>
    <property name="os.arch" value="amd64"/>
    <property name="java.vm.specification.name" value="Java Virtual Machine Specification"/>
    <property name="java.awt.printerjob" value="sun.awt.windows.WPrinterJob"/>
    <property name="sun.os.patch.level" value=""/>
    <property name="java.library.path" value="C:\Program Files\Java\jdk1.8.0_144\jre\bin;C:\WINDOWS\Sun\Java\bin;C:\WINDOWS\system32;C:\WINDOWS;D:\Program Files (x86)\NetSarang\Xshell 6\;D:\app\Mutong\product\11.2.0\dbhome_1\bin;C:\Program Files (x86)\Common Files\Oracle\Java\javapath;C:\Program Files\Python37\Scripts\;C:\Program Files\Python37\;C:\ProgramData\Oracle\Java\javapath;C:\Program Files (x86)\Intel\Intel(R) Management Engine Components\iCLS\;C:\Program Files\Intel\Intel(R) Management Engine Components\iCLS\;C:\WINDOWS\system32;C:\WINDOWS;C:\WINDOWS\System32\Wbem;C:\WINDOWS\System32\WindowsPowerShell\v1.0\;C:\WINDOWS\System32\OpenSSH\;C:\Program Files (x86)\Intel\Intel(R) Management Engine Components\DAL;C:\Program Files\Intel\Intel(R) Management Engine Components\DAL;C:\Program Files (x86)\Intel\Intel(R) Management Engine Components\IPT;C:\Program Files\Intel\Intel(R) Management Engine Components\IPT;C:\Program Files\Java\jdk1.8.0_144\bin;C:\Program Files\Java\jdk1.8.0_144\jre\bin;D:\TDM-GCC-64\bin;C:\Users\Mutong\AppData\Local\Programs\Python\Python37-32;C:\Users\Mutong\AppData\Local\Programs\Python\Python37-32\Scripts;D:\soft\apache-tomcat-8.5.43\lib;D:\soft\apache-tomcat-8.5.43\bin;D:\Program Files\nodejs\;D:\nodel\BLOG\blog\node_modules\.bin;C:\Users\Mutong\AppData\Roaming\npm;D:\soft\apache-maven-3.6.1\bin;D:\soft\gradle-5.6.2\bin;C:\Program Files\Intel\WiFi\bin\;C:\Program Files\Common Files\Intel\WirelessCommon\;D:\soft\mysql\mysql-8.0.17-winx64\bin;D:\Program Files\Git\Git\cmd;D:\soft\Redis-x64-3.2.100;D:\soft\elasticsearch-6.8.6\bin;C:\Program Files\TortoiseSVN\bin;C:\Program Files\MySQL\MySQL Shell 8.0\bin\;C:\Users\Mutong\AppData\Roaming\npm;C:\Users\Mutong\AppData\Local\Microsoft\WindowsApps;;D:\Program Files\JetBrains\DataGrip 2020.1.4\bin;;."/>
    <property name="java.vm.info" value="mixed mode"/>
    <property name="java.vendor" value="Oracle Corporation"/>
    <property name="java.vm.version" value="25.144-b01"/>
    <property name="java.ext.dirs" value="C:\Program Files\Java\jdk1.8.0_144\jre\lib\ext;C:\WINDOWS\Sun\Java\lib\ext"/>
    <property name="sun.io.unicode.encoding" value="UnicodeLittle"/>
    <property name="maven.repo.local" value="D:\soft\maven"/>
    <property name="java.class.version" value="52.0"/>
  </properties>
  <testcase name="contextLoads" classname="com.mutong.mtcommunity.MtcommunityApplicationTests" time="0.374"/>
</testsuite>